Can't load '/usr/local/software/slurm/slurm-20.11.9-rhel8/lib64/perl5/auto/Slurm/Slurm.so' for module Slurm: libperl.so.5.26: cannot open shared object file: No such file or directory at /usr/lib64/perl5/DynaLoader.pm line 190, <DATA> line 602.
 at /usr/local/software/slurm/current-rhel8/bin/generate_pbs_nodefile line 18.
Compilation failed in require at /usr/local/software/slurm/current-rhel8/bin/generate_pbs_nodefile line 18, <DATA> line 602.
BEGIN failed--compilation aborted at /usr/local/software/slurm/current-rhel8/bin/generate_pbs_nodefile line 18, <DATA> line 602.
WARNING: Logging before flag parsing goes to stderr.
W0519 15:34:17.744730 47153991652224 lazy_loader.py:50] 
The TensorFlow contrib module will not be included in TensorFlow 2.0.
For more information, please see:
  * https://github.com/tensorflow/community/blob/master/rfcs/20180907-contrib-sunset.md
  * https://github.com/tensorflow/addons
  * https://github.com/tensorflow/io (for I/O related ops)
If you depend on functionality not listed there, please file an issue.

Warning: Flow failed to import. Set the environment variable D4RL_SUPPRESS_IMPORT_ERROR=1 to suppress this message.
No module named 'flow'
Warning: CARLA failed to import. Set the environment variable D4RL_SUPPRESS_IMPORT_ERROR=1 to suppress this message.
No module named 'carla'
2022-05-19 15:34:20,174	INFO node.py:498 -- Process STDOUT and STDERR is being redirected to /tmp/ray/session_2022-05-19_15-34-20_174700_6801/logs.
2022-05-19 15:34:20,283	INFO services.py:409 -- Waiting for redis server at 127.0.0.1:35909 to respond...
2022-05-19 15:34:20,395	INFO services.py:409 -- Waiting for redis server at 127.0.0.1:20202 to respond...
2022-05-19 15:34:20,396	INFO services.py:806 -- Starting Redis shard with 10.0 GB max memory.
2022-05-19 15:34:20,415	INFO node.py:512 -- Process STDOUT and STDERR is being redirected to /tmp/ray/session_2022-05-19_15-34-20_174700_6801/logs.
2022-05-19 15:34:20,415	WARNING services.py:1294 -- Warning: Capping object memory store to 20.0GB. To increase this further, specify `object_store_memory` when calling ray.init() or ray start.
2022-05-19 15:34:20,416	INFO services.py:1442 -- Starting the Plasma object store with 20.0 GB memory using /dev/shm.
2022-05-19 15:34:20,566	INFO tune.py:61 -- Tip: to resume incomplete experiments, pass resume='prompt' or resume=True to run()
2022-05-19 15:34:20,566	INFO tune.py:232 -- Starting a new experiment.
W0519 15:34:20.641083 47153991652224 deprecation_wrapper.py:119] From /rds/user/ajc348/hpc-work/mopo/.env/lib/python3.6/site-packages/ray/tune/logger.py:131: The name tf.VERSION is deprecated. Please use tf.version.VERSION instead.

W0519 15:34:20.641451 47153991652224 deprecation_wrapper.py:119] From /rds/user/ajc348/hpc-work/mopo/.env/lib/python3.6/site-packages/ray/tune/logger.py:136: The name tf.summary.FileWriter is deprecated. Please use tf.compat.v1.summary.FileWriter instead.

2022-05-19 15:34:20,712	WARNING util.py:64 -- The `start_trial` operation took 0.13819599151611328 seconds to complete, which may be a performance bottleneck.
W0519 15:50:05.110867 47153991652224 deprecation_wrapper.py:119] From /rds/user/ajc348/hpc-work/mopo/.env/lib/python3.6/site-packages/ray/tune/logger.py:114: The name tf.Summary is deprecated. Please use tf.compat.v1.Summary instead.

2022-05-19 15:57:08,186	WARNING util.py:64 -- The `save_to_disk` operation took 1.8047254085540771 seconds to complete, which may be a performance bottleneck.
2022-05-19 15:57:08,189	WARNING util.py:64 -- The `process_trial` operation took 1.8171546459197998 seconds to complete, which may be a performance bottleneck.
2022-05-19 16:04:54,912	WARNING util.py:64 -- The `save_to_disk` operation took 0.5176079273223877 seconds to complete, which may be a performance bottleneck.
2022-05-19 16:04:54,915	WARNING util.py:64 -- The `process_trial` operation took 0.5290811061859131 seconds to complete, which may be a performance bottleneck.
2022-05-19 16:12:40,463	WARNING util.py:64 -- The `save_to_disk` operation took 0.5143632888793945 seconds to complete, which may be a performance bottleneck.
2022-05-19 16:12:40,466	WARNING util.py:64 -- The `process_trial` operation took 0.5259332656860352 seconds to complete, which may be a performance bottleneck.
2022-05-19 16:20:21,312	WARNING util.py:64 -- The `save_to_disk` operation took 0.532578706741333 seconds to complete, which may be a performance bottleneck.
2022-05-19 16:20:21,314	WARNING util.py:64 -- The `process_trial` operation took 0.544506311416626 seconds to complete, which may be a performance bottleneck.
2022-05-19 16:28:00,052	WARNING util.py:64 -- The `save_to_disk` operation took 0.5089926719665527 seconds to complete, which may be a performance bottleneck.
2022-05-19 16:28:00,056	WARNING util.py:64 -- The `process_trial` operation took 0.522395133972168 seconds to complete, which may be a performance bottleneck.
slurmstepd: error: *** JOB 61406822 ON gpu-e-17 CANCELLED AT 2022-05-19T16:34:21 DUE TO TIME LIMIT ***
