Loading rhel8/default-icl
  Loading requirement: dot rhel8/slurm singularity/current rhel8/global
    cuda/11.4 intel/compilers/2020.2 intel/mkl/2020.2 intel/impi/2020.2/intel
    intel/libs/idb/2020.2 intel/libs/tbb/2020.2 intel/libs/ipp/2020.2
    intel/libs/daal/2020.2 intel/bundles/complib/2020.2
WARNING: Logging before flag parsing goes to stderr.
W0518 21:18:47.345944 22890116580224 lazy_loader.py:50] 
The TensorFlow contrib module will not be included in TensorFlow 2.0.
For more information, please see:
  * https://github.com/tensorflow/community/blob/master/rfcs/20180907-contrib-sunset.md
  * https://github.com/tensorflow/addons
  * https://github.com/tensorflow/io (for I/O related ops)
If you depend on functionality not listed there, please file an issue.

Warning: Flow failed to import. Set the environment variable D4RL_SUPPRESS_IMPORT_ERROR=1 to suppress this message.
No module named 'flow'
Warning: CARLA failed to import. Set the environment variable D4RL_SUPPRESS_IMPORT_ERROR=1 to suppress this message.
No module named 'carla'
2022-05-18 21:18:54,720	INFO node.py:498 -- Process STDOUT and STDERR is being redirected to /tmp/ray/session_2022-05-18_21-18-54_718467_4153747/logs.
2022-05-18 21:18:54,852	INFO services.py:409 -- Waiting for redis server at 127.0.0.1:53170 to respond...
2022-05-18 21:18:55,147	INFO services.py:409 -- Waiting for redis server at 127.0.0.1:21988 to respond...
2022-05-18 21:18:55,149	INFO services.py:806 -- Starting Redis shard with 10.0 GB max memory.
2022-05-18 21:18:55,240	INFO node.py:512 -- Process STDOUT and STDERR is being redirected to /tmp/ray/session_2022-05-18_21-18-54_718467_4153747/logs.
2022-05-18 21:18:55,240	WARNING services.py:1294 -- Warning: Capping object memory store to 20.0GB. To increase this further, specify `object_store_memory` when calling ray.init() or ray start.
2022-05-18 21:18:55,241	INFO services.py:1442 -- Starting the Plasma object store with 20.0 GB memory using /dev/shm.
2022-05-18 21:18:55,720	INFO tune.py:65 -- Did not find checkpoint file in ./ray_mopo/halfcheetah/halfcheetah_medium_replay_local_101e3.
2022-05-18 21:18:55,720	INFO tune.py:232 -- Starting a new experiment.
W0518 21:18:55.767478 22890116580224 deprecation_wrapper.py:119] From /rds/user/ajc348/hpc-work/mopo/.env/lib/python3.6/site-packages/ray/tune/logger.py:131: The name tf.VERSION is deprecated. Please use tf.version.VERSION instead.

W0518 21:18:55.767862 22890116580224 deprecation_wrapper.py:119] From /rds/user/ajc348/hpc-work/mopo/.env/lib/python3.6/site-packages/ray/tune/logger.py:136: The name tf.summary.FileWriter is deprecated. Please use tf.compat.v1.summary.FileWriter instead.

2022-05-18 21:18:55,874	WARNING util.py:64 -- The `start_trial` operation took 0.1453232765197754 seconds to complete, which may be a performance bottleneck.
slurmstepd: error: *** JOB 61361296 ON cpu-q-279 CANCELLED AT 2022-05-18T22:47:38 DUE TO TIME LIMIT ***
