Loading rhel8/default-icl
  Loading requirement: dot rhel8/slurm singularity/current rhel8/global
    cuda/11.4 intel/compilers/2020.2 intel/mkl/2020.2 intel/impi/2020.2/intel
    intel/libs/idb/2020.2 intel/libs/tbb/2020.2 intel/libs/ipp/2020.2
    intel/libs/daal/2020.2 intel/bundles/complib/2020.2
WARNING: Logging before flag parsing goes to stderr.
W0518 15:33:17.140657 23282168439680 lazy_loader.py:50] 
The TensorFlow contrib module will not be included in TensorFlow 2.0.
For more information, please see:
  * https://github.com/tensorflow/community/blob/master/rfcs/20180907-contrib-sunset.md
  * https://github.com/tensorflow/addons
  * https://github.com/tensorflow/io (for I/O related ops)
If you depend on functionality not listed there, please file an issue.

Warning: Flow failed to import. Set the environment variable D4RL_SUPPRESS_IMPORT_ERROR=1 to suppress this message.
No module named 'flow'
Warning: CARLA failed to import. Set the environment variable D4RL_SUPPRESS_IMPORT_ERROR=1 to suppress this message.
No module named 'carla'
2022-05-18 15:33:18,823	INFO node.py:498 -- Process STDOUT and STDERR is being redirected to /tmp/ray/session_2022-05-18_15-33-18_823072_442934/logs.
2022-05-18 15:33:18,934	INFO services.py:409 -- Waiting for redis server at 127.0.0.1:39724 to respond...
2022-05-18 15:33:19,044	INFO services.py:409 -- Waiting for redis server at 127.0.0.1:54020 to respond...
2022-05-18 15:33:19,045	INFO services.py:806 -- Starting Redis shard with 10.0 GB max memory.
2022-05-18 15:33:19,067	INFO node.py:512 -- Process STDOUT and STDERR is being redirected to /tmp/ray/session_2022-05-18_15-33-18_823072_442934/logs.
2022-05-18 15:33:19,068	WARNING services.py:1294 -- Warning: Capping object memory store to 20.0GB. To increase this further, specify `object_store_memory` when calling ray.init() or ray start.
2022-05-18 15:33:19,068	INFO services.py:1442 -- Starting the Plasma object store with 20.0 GB memory using /dev/shm.
2022-05-18 15:33:19,318	INFO tune.py:61 -- Tip: to resume incomplete experiments, pass resume='prompt' or resume=True to run()
2022-05-18 15:33:19,318	INFO tune.py:232 -- Starting a new experiment.
W0518 15:33:19.348521 23282168439680 deprecation_wrapper.py:119] From /rds/user/ajc348/hpc-work/mopo/.env/lib/python3.6/site-packages/ray/tune/logger.py:131: The name tf.VERSION is deprecated. Please use tf.version.VERSION instead.

W0518 15:33:19.348760 23282168439680 deprecation_wrapper.py:119] From /rds/user/ajc348/hpc-work/mopo/.env/lib/python3.6/site-packages/ray/tune/logger.py:136: The name tf.summary.FileWriter is deprecated. Please use tf.compat.v1.summary.FileWriter instead.

slurmstepd: error: *** JOB 61335066 ON cpu-q-234 CANCELLED AT 2022-05-18T16:38:40 ***
