Can't load '/usr/local/software/slurm/slurm-20.11.9-rhel8/lib64/perl5/auto/Slurm/Slurm.so' for module Slurm: libperl.so.5.26: cannot open shared object file: No such file or directory at /usr/lib64/perl5/DynaLoader.pm line 190, <DATA> line 602.
 at /usr/local/software/slurm/current-rhel8/bin/generate_pbs_nodefile line 18.
Compilation failed in require at /usr/local/software/slurm/current-rhel8/bin/generate_pbs_nodefile line 18, <DATA> line 602.
BEGIN failed--compilation aborted at /usr/local/software/slurm/current-rhel8/bin/generate_pbs_nodefile line 18, <DATA> line 602.
WARNING: Logging before flag parsing goes to stderr.
W0519 15:30:33.435087 47501076550528 lazy_loader.py:50] 
The TensorFlow contrib module will not be included in TensorFlow 2.0.
For more information, please see:
  * https://github.com/tensorflow/community/blob/master/rfcs/20180907-contrib-sunset.md
  * https://github.com/tensorflow/addons
  * https://github.com/tensorflow/io (for I/O related ops)
If you depend on functionality not listed there, please file an issue.

Warning: Flow failed to import. Set the environment variable D4RL_SUPPRESS_IMPORT_ERROR=1 to suppress this message.
No module named 'flow'
Warning: CARLA failed to import. Set the environment variable D4RL_SUPPRESS_IMPORT_ERROR=1 to suppress this message.
No module named 'carla'
2022-05-19 15:30:35,766	INFO node.py:498 -- Process STDOUT and STDERR is being redirected to /tmp/ray/session_2022-05-19_15-30-35_765825_5415/logs.
2022-05-19 15:30:35,874	INFO services.py:409 -- Waiting for redis server at 127.0.0.1:10152 to respond...
2022-05-19 15:30:35,986	INFO services.py:409 -- Waiting for redis server at 127.0.0.1:33788 to respond...
2022-05-19 15:30:35,987	INFO services.py:806 -- Starting Redis shard with 10.0 GB max memory.
2022-05-19 15:30:36,007	INFO node.py:512 -- Process STDOUT and STDERR is being redirected to /tmp/ray/session_2022-05-19_15-30-35_765825_5415/logs.
2022-05-19 15:30:36,007	WARNING services.py:1294 -- Warning: Capping object memory store to 20.0GB. To increase this further, specify `object_store_memory` when calling ray.init() or ray start.
2022-05-19 15:30:36,008	INFO services.py:1442 -- Starting the Plasma object store with 20.0 GB memory using /dev/shm.
2022-05-19 15:30:36,119	INFO tune.py:61 -- Tip: to resume incomplete experiments, pass resume='prompt' or resume=True to run()
2022-05-19 15:30:36,120	INFO tune.py:232 -- Starting a new experiment.
W0519 15:30:36.187022 47501076550528 deprecation_wrapper.py:119] From /rds/user/ajc348/hpc-work/mopo/.env/lib/python3.6/site-packages/ray/tune/logger.py:131: The name tf.VERSION is deprecated. Please use tf.version.VERSION instead.

W0519 15:30:36.187389 47501076550528 deprecation_wrapper.py:119] From /rds/user/ajc348/hpc-work/mopo/.env/lib/python3.6/site-packages/ray/tune/logger.py:136: The name tf.summary.FileWriter is deprecated. Please use tf.compat.v1.summary.FileWriter instead.

2022-05-19 15:30:36,254	WARNING util.py:64 -- The `start_trial` operation took 0.12029790878295898 seconds to complete, which may be a performance bottleneck.
W0519 15:34:50.810897 47501076550528 deprecation_wrapper.py:119] From /rds/user/ajc348/hpc-work/mopo/.env/lib/python3.6/site-packages/ray/tune/logger.py:114: The name tf.Summary is deprecated. Please use tf.compat.v1.Summary instead.

2022-05-19 15:41:47,326	WARNING util.py:64 -- The `save_to_disk` operation took 0.8258399963378906 seconds to complete, which may be a performance bottleneck.
2022-05-19 15:41:47,329	WARNING util.py:64 -- The `process_trial` operation took 0.8379123210906982 seconds to complete, which may be a performance bottleneck.
2022-05-19 15:49:27,242	WARNING util.py:64 -- The `save_to_disk` operation took 0.5206639766693115 seconds to complete, which may be a performance bottleneck.
2022-05-19 15:49:27,244	WARNING util.py:64 -- The `process_trial` operation took 0.5320534706115723 seconds to complete, which may be a performance bottleneck.
2022-05-19 15:56:19,185	WARNING util.py:64 -- The `fetch_result` operation took 0.11631226539611816 seconds to complete, which may be a performance bottleneck.
2022-05-19 15:56:19,548	WARNING util.py:64 -- The `process_trial` operation took 0.4791531562805176 seconds to complete, which may be a performance bottleneck.
2022-05-19 15:57:07,843	WARNING util.py:64 -- The `save_to_disk` operation took 2.6036810874938965 seconds to complete, which may be a performance bottleneck.
2022-05-19 15:57:07,845	WARNING util.py:64 -- The `process_trial` operation took 2.614959955215454 seconds to complete, which may be a performance bottleneck.
2022-05-19 16:03:57,806	WARNING util.py:64 -- The `experiment_checkpoint` operation took 0.10542869567871094 seconds to complete, which may be a performance bottleneck.
2022-05-19 16:04:43,781	WARNING util.py:64 -- The `save_to_disk` operation took 0.511115312576294 seconds to complete, which may be a performance bottleneck.
2022-05-19 16:04:43,783	WARNING util.py:64 -- The `process_trial` operation took 0.5225186347961426 seconds to complete, which may be a performance bottleneck.
2022-05-19 16:12:19,854	WARNING util.py:64 -- The `save_to_disk` operation took 0.5097172260284424 seconds to complete, which may be a performance bottleneck.
2022-05-19 16:12:19,856	WARNING util.py:64 -- The `process_trial` operation took 0.5211215019226074 seconds to complete, which may be a performance bottleneck.
2022-05-19 16:19:55,749	WARNING util.py:64 -- The `save_to_disk` operation took 0.5201559066772461 seconds to complete, which may be a performance bottleneck.
2022-05-19 16:19:55,752	WARNING util.py:64 -- The `process_trial` operation took 0.5314717292785645 seconds to complete, which may be a performance bottleneck.
2022-05-19 16:27:32,124	WARNING util.py:64 -- The `save_to_disk` operation took 0.52626633644104 seconds to complete, which may be a performance bottleneck.
2022-05-19 16:27:32,126	WARNING util.py:64 -- The `process_trial` operation took 0.5381782054901123 seconds to complete, which may be a performance bottleneck.
slurmstepd: error: *** JOB 61406445 ON gpu-e-17 CANCELLED AT 2022-05-19T16:30:35 DUE TO TIME LIMIT ***
