Loading rhel8/default-icl
  Loading requirement: dot rhel8/slurm singularity/current rhel8/global
    cuda/11.4 intel/compilers/2020.2 intel/mkl/2020.2 intel/impi/2020.2/intel
    intel/libs/idb/2020.2 intel/libs/tbb/2020.2 intel/libs/ipp/2020.2
    intel/libs/daal/2020.2 intel/bundles/complib/2020.2
WARNING: Logging before flag parsing goes to stderr.
W0518 17:32:26.947235 22415900398464 lazy_loader.py:50] 
The TensorFlow contrib module will not be included in TensorFlow 2.0.
For more information, please see:
  * https://github.com/tensorflow/community/blob/master/rfcs/20180907-contrib-sunset.md
  * https://github.com/tensorflow/addons
  * https://github.com/tensorflow/io (for I/O related ops)
If you depend on functionality not listed there, please file an issue.

Warning: Flow failed to import. Set the environment variable D4RL_SUPPRESS_IMPORT_ERROR=1 to suppress this message.
No module named 'flow'
Warning: CARLA failed to import. Set the environment variable D4RL_SUPPRESS_IMPORT_ERROR=1 to suppress this message.
No module named 'carla'
2022-05-18 17:32:30,416	INFO node.py:498 -- Process STDOUT and STDERR is being redirected to /tmp/ray/session_2022-05-18_17-32-30_414982_273496/logs.
2022-05-18 17:32:30,529	INFO services.py:409 -- Waiting for redis server at 127.0.0.1:65111 to respond...
2022-05-18 17:32:30,687	INFO services.py:409 -- Waiting for redis server at 127.0.0.1:20035 to respond...
2022-05-18 17:32:30,688	INFO services.py:806 -- Starting Redis shard with 10.0 GB max memory.
2022-05-18 17:32:30,711	INFO node.py:512 -- Process STDOUT and STDERR is being redirected to /tmp/ray/session_2022-05-18_17-32-30_414982_273496/logs.
2022-05-18 17:32:30,711	WARNING services.py:1294 -- Warning: Capping object memory store to 20.0GB. To increase this further, specify `object_store_memory` when calling ray.init() or ray start.
2022-05-18 17:32:30,711	INFO services.py:1442 -- Starting the Plasma object store with 20.0 GB memory using /dev/shm.
WARNING: Logging before InitGoogleLogging() is written to STDERR
E0518 17:32:30.758280 273496 io.cc:168] Connection to IPC socket failed for pathname /tmp/ray/session_2022-05-18_17-32-30_414982_273496/sockets/plasma_store, retrying 300 more times
2022-05-18 17:32:31,403	INFO tune.py:61 -- Tip: to resume incomplete experiments, pass resume='prompt' or resume=True to run()
2022-05-18 17:32:31,403	INFO tune.py:232 -- Starting a new experiment.
W0518 17:32:31.426749 22415900398464 deprecation_wrapper.py:119] From /rds/user/ajc348/hpc-work/mopo/.env/lib/python3.6/site-packages/ray/tune/logger.py:131: The name tf.VERSION is deprecated. Please use tf.version.VERSION instead.

W0518 17:32:31.426974 22415900398464 deprecation_wrapper.py:119] From /rds/user/ajc348/hpc-work/mopo/.env/lib/python3.6/site-packages/ray/tune/logger.py:136: The name tf.summary.FileWriter is deprecated. Please use tf.compat.v1.summary.FileWriter instead.

W0518 18:52:19.977904 22415900398464 deprecation_wrapper.py:119] From /rds/user/ajc348/hpc-work/mopo/.env/lib/python3.6/site-packages/ray/tune/logger.py:114: The name tf.Summary is deprecated. Please use tf.compat.v1.Summary instead.

2022-05-18 18:58:32,927	WARNING util.py:64 -- The `save_to_disk` operation took 0.7335169315338135 seconds to complete, which may be a performance bottleneck.
2022-05-18 18:58:32,930	WARNING util.py:64 -- The `process_trial` operation took 0.7425179481506348 seconds to complete, which may be a performance bottleneck.
2022-05-18 19:00:37,536	WARNING util.py:64 -- The `process_trial` operation took 0.10765719413757324 seconds to complete, which may be a performance bottleneck.
slurmstepd: error: *** JOB 61349418 ON cpu-q-139 CANCELLED AT 2022-05-18T19:02:15 DUE TO TIME LIMIT ***
