Can't load '/usr/local/software/slurm/slurm-20.11.9-rhel8/lib64/perl5/auto/Slurm/Slurm.so' for module Slurm: libperl.so.5.26: cannot open shared object file: No such file or directory at /usr/lib64/perl5/DynaLoader.pm line 190, <DATA> line 602.
 at /usr/local/software/slurm/current-rhel8/bin/generate_pbs_nodefile line 18.
Compilation failed in require at /usr/local/software/slurm/current-rhel8/bin/generate_pbs_nodefile line 18, <DATA> line 602.
BEGIN failed--compilation aborted at /usr/local/software/slurm/current-rhel8/bin/generate_pbs_nodefile line 18, <DATA> line 602.
WARNING: Logging before flag parsing goes to stderr.
W0519 15:32:09.192832 47280229598080 lazy_loader.py:50] 
The TensorFlow contrib module will not be included in TensorFlow 2.0.
For more information, please see:
  * https://github.com/tensorflow/community/blob/master/rfcs/20180907-contrib-sunset.md
  * https://github.com/tensorflow/addons
  * https://github.com/tensorflow/io (for I/O related ops)
If you depend on functionality not listed there, please file an issue.

Warning: Flow failed to import. Set the environment variable D4RL_SUPPRESS_IMPORT_ERROR=1 to suppress this message.
No module named 'flow'
Warning: CARLA failed to import. Set the environment variable D4RL_SUPPRESS_IMPORT_ERROR=1 to suppress this message.
No module named 'carla'
2022-05-19 15:32:11,549	INFO node.py:498 -- Process STDOUT and STDERR is being redirected to /tmp/ray/session_2022-05-19_15-32-11_549060_6023/logs.
2022-05-19 15:32:11,657	INFO services.py:409 -- Waiting for redis server at 127.0.0.1:60085 to respond...
2022-05-19 15:32:11,769	INFO services.py:409 -- Waiting for redis server at 127.0.0.1:13725 to respond...
2022-05-19 15:32:11,770	INFO services.py:806 -- Starting Redis shard with 10.0 GB max memory.
2022-05-19 15:32:11,789	INFO node.py:512 -- Process STDOUT and STDERR is being redirected to /tmp/ray/session_2022-05-19_15-32-11_549060_6023/logs.
2022-05-19 15:32:11,790	WARNING services.py:1294 -- Warning: Capping object memory store to 20.0GB. To increase this further, specify `object_store_memory` when calling ray.init() or ray start.
2022-05-19 15:32:11,790	INFO services.py:1442 -- Starting the Plasma object store with 20.0 GB memory using /dev/shm.
2022-05-19 15:32:11,915	INFO tune.py:61 -- Tip: to resume incomplete experiments, pass resume='prompt' or resume=True to run()
2022-05-19 15:32:11,915	INFO tune.py:232 -- Starting a new experiment.
W0519 15:32:11.971634 47280229598080 deprecation_wrapper.py:119] From /rds/user/ajc348/hpc-work/mopo/.env/lib/python3.6/site-packages/ray/tune/logger.py:131: The name tf.VERSION is deprecated. Please use tf.version.VERSION instead.

W0519 15:32:11.971978 47280229598080 deprecation_wrapper.py:119] From /rds/user/ajc348/hpc-work/mopo/.env/lib/python3.6/site-packages/ray/tune/logger.py:136: The name tf.summary.FileWriter is deprecated. Please use tf.compat.v1.summary.FileWriter instead.

W0519 15:44:55.884401 47280229598080 deprecation_wrapper.py:119] From /rds/user/ajc348/hpc-work/mopo/.env/lib/python3.6/site-packages/ray/tune/logger.py:114: The name tf.Summary is deprecated. Please use tf.compat.v1.Summary instead.

2022-05-19 15:51:55,928	WARNING util.py:64 -- The `save_to_disk` operation took 0.8131747245788574 seconds to complete, which may be a performance bottleneck.
2022-05-19 15:51:55,931	WARNING util.py:64 -- The `process_trial` operation took 0.8250010013580322 seconds to complete, which may be a performance bottleneck.
2022-05-19 15:59:41,001	WARNING util.py:64 -- The `save_to_disk` operation took 0.514348030090332 seconds to complete, which may be a performance bottleneck.
2022-05-19 15:59:41,004	WARNING util.py:64 -- The `process_trial` operation took 0.5256810188293457 seconds to complete, which may be a performance bottleneck.
2022-05-19 16:07:19,522	WARNING util.py:64 -- The `save_to_disk` operation took 0.49560976028442383 seconds to complete, which may be a performance bottleneck.
2022-05-19 16:07:19,524	WARNING util.py:64 -- The `process_trial` operation took 0.5068919658660889 seconds to complete, which may be a performance bottleneck.
2022-05-19 16:14:57,388	WARNING util.py:64 -- The `save_to_disk` operation took 0.5089027881622314 seconds to complete, which may be a performance bottleneck.
2022-05-19 16:14:57,391	WARNING util.py:64 -- The `process_trial` operation took 0.5204403400421143 seconds to complete, which may be a performance bottleneck.
2022-05-19 16:22:34,928	WARNING util.py:64 -- The `save_to_disk` operation took 0.517012357711792 seconds to complete, which may be a performance bottleneck.
2022-05-19 16:22:34,931	WARNING util.py:64 -- The `process_trial` operation took 0.5281848907470703 seconds to complete, which may be a performance bottleneck.
2022-05-19 16:30:13,510	WARNING util.py:64 -- The `save_to_disk` operation took 0.5149996280670166 seconds to complete, which may be a performance bottleneck.
2022-05-19 16:30:13,513	WARNING util.py:64 -- The `process_trial` operation took 0.526663064956665 seconds to complete, which may be a performance bottleneck.
2022-05-19 16:31:01,334	WARNING util.py:64 -- The `process_trial` operation took 0.37464165687561035 seconds to complete, which may be a performance bottleneck.
slurmstepd: error: *** JOB 61406629 ON gpu-e-17 CANCELLED AT 2022-05-19T16:32:06 DUE TO TIME LIMIT ***
