Loading rhel8/default-icl
  Loading requirement: dot rhel8/slurm singularity/current rhel8/global
    cuda/11.4 intel/compilers/2020.2 intel/mkl/2020.2 intel/impi/2020.2/intel
    intel/libs/idb/2020.2 intel/libs/tbb/2020.2 intel/libs/ipp/2020.2
    intel/libs/daal/2020.2 intel/bundles/complib/2020.2
WARNING: Logging before flag parsing goes to stderr.
W0518 21:40:05.139466 22455758115712 lazy_loader.py:50] 
The TensorFlow contrib module will not be included in TensorFlow 2.0.
For more information, please see:
  * https://github.com/tensorflow/community/blob/master/rfcs/20180907-contrib-sunset.md
  * https://github.com/tensorflow/addons
  * https://github.com/tensorflow/io (for I/O related ops)
If you depend on functionality not listed there, please file an issue.

Warning: Flow failed to import. Set the environment variable D4RL_SUPPRESS_IMPORT_ERROR=1 to suppress this message.
No module named 'flow'
Warning: CARLA failed to import. Set the environment variable D4RL_SUPPRESS_IMPORT_ERROR=1 to suppress this message.
No module named 'carla'
2022-05-18 21:40:08,378	INFO node.py:498 -- Process STDOUT and STDERR is being redirected to /tmp/ray/session_2022-05-18_21-40-08_378547_4155805/logs.
2022-05-18 21:40:08,496	INFO services.py:409 -- Waiting for redis server at 127.0.0.1:21054 to respond...
2022-05-18 21:40:08,619	INFO services.py:409 -- Waiting for redis server at 127.0.0.1:57508 to respond...
2022-05-18 21:40:08,621	INFO services.py:806 -- Starting Redis shard with 10.0 GB max memory.
2022-05-18 21:40:08,665	INFO node.py:512 -- Process STDOUT and STDERR is being redirected to /tmp/ray/session_2022-05-18_21-40-08_378547_4155805/logs.
2022-05-18 21:40:08,666	WARNING services.py:1294 -- Warning: Capping object memory store to 20.0GB. To increase this further, specify `object_store_memory` when calling ray.init() or ray start.
2022-05-18 21:40:08,666	INFO services.py:1442 -- Starting the Plasma object store with 20.0 GB memory using /dev/shm.
2022-05-18 21:40:08,945	INFO tune.py:65 -- Did not find checkpoint file in ./ray_mopo/HalfCheetah/halfcheetah_medium_replay_local_101e3.
2022-05-18 21:40:08,945	INFO tune.py:232 -- Starting a new experiment.
W0518 21:40:08.977809 22455758115712 deprecation_wrapper.py:119] From /rds/user/ajc348/hpc-work/mopo/.env/lib/python3.6/site-packages/ray/tune/logger.py:131: The name tf.VERSION is deprecated. Please use tf.version.VERSION instead.

W0518 21:40:08.978145 22455758115712 deprecation_wrapper.py:119] From /rds/user/ajc348/hpc-work/mopo/.env/lib/python3.6/site-packages/ray/tune/logger.py:136: The name tf.summary.FileWriter is deprecated. Please use tf.compat.v1.summary.FileWriter instead.

slurmstepd: error: *** JOB 61362155 ON cpu-q-279 CANCELLED AT 2022-05-18T23:10:14 DUE TO TIME LIMIT ***
